Build started 30/11/2017 10:49:10.
     1>Project "C:\Users\tamir\Documents\Visual Studio 2012\Projects\engineGLFW\engineGLFW\engineGLFW.vcxproj" on node 2 (Build target(s)).
     1>ClCompile:
         C:\Program Files (x86)\Microsoft Visual Studio 11.0\VC\bin\CL.exe /c /I"C:\Users\tamir\Documents\Visual Studio 2012\Projects\engineGLFW\engineGLFW/res/includes" /I"C:\Users\tamir\Documents\Visual Studio 2012\Projects\engineGLFW\display" /I"C:\Users\tamir\Documents\Visual Studio 2012\Projects\engineGLFW\engine3D" /I"C:\Users\tamir\Documents\Visual Studio 2012\Projects\engineGLFW\engineGLFW" /ZI /nologo /W3 /WX- /sdl /Od /Oy- /D _MBCS /Gm /EHsc /RTC1 /MDd /GS /fp:precise /Zc:wchar_t /Zc:forScope /Fo"Debug\\" /Fd"Debug\vc110.pdb" /Gd /TP /analyze- /errorReport:prompt main.cpp
         main.cpp
     1>c:\users\tamir\documents\visual studio 2012\projects\engineglfw\engineglfw\rubicscube.h(28): warning C4244: '=' : conversion from 'float' to 'int', possible loss of data
     1>c:\users\tamir\documents\visual studio 2012\projects\engineglfw\display\inputmanager.h(33): warning C4244: 'initializing' : conversion from 'double' to 'float', possible loss of data
     1>c:\users\tamir\documents\visual studio 2012\projects\engineglfw\display\inputmanager.h(34): warning C4244: 'initializing' : conversion from 'double' to 'float', possible loss of data
     1>c:\users\tamir\documents\visual studio 2012\projects\engineglfw\display\inputmanager.h(41): warning C4244: 'argument' : conversion from 'double' to 'float', possible loss of data
     1>c:\users\tamir\documents\visual studio 2012\projects\engineglfw\display\inputmanager.h(42): warning C4244: 'argument' : conversion from 'double' to 'float', possible loss of data
     1>c:\users\tamir\documents\visual studio 2012\projects\engineglfw\display\inputmanager.h(72): warning C4244: 'argument' : conversion from 'double' to 'float', possible loss of data
     1>c:\users\tamir\documents\visual studio 2012\projects\engineglfw\display\inputmanager.h(106): warning C4244: 'argument' : conversion from 'double' to 'float', possible loss of data
     1>c:\users\tamir\documents\visual studio 2012\projects\engineglfw\display\inputmanager.h(109): warning C4244: 'argument' : conversion from 'double' to 'float', possible loss of data
     1>c:\users\tamir\documents\visual studio 2012\projects\engineglfw\display\inputmanager.h(112): warning C4244: 'argument' : conversion from 'double' to 'float', possible loss of data
     1>c:\users\tamir\documents\visual studio 2012\projects\engineglfw\display\inputmanager.h(115): warning C4244: 'argument' : conversion from 'double' to 'float', possible loss of data
     1>c:\users\tamir\documents\visual studio 2012\projects\engineglfw\display\inputmanager.h(118): warning C4244: 'argument' : conversion from 'double' to 'float', possible loss of data
     1>c:\users\tamir\documents\visual studio 2012\projects\engineglfw\display\inputmanager.h(121): warning C4244: 'argument' : conversion from 'double' to 'float', possible loss of data
     1>c:\users\tamir\documents\visual studio 2012\projects\engineglfw\display\inputmanager.h(160): warning C4244: 'argument' : conversion from 'const float' to 'int', possible loss of data
       Link:
         C:\Program Files (x86)\Microsoft Visual Studio 11.0\VC\bin\link.exe /ERRORREPORT:PROMPT /OUT:"C:\Users\tamir\Documents\Visual Studio 2012\Projects\engineGLFW\Debug\engineGLFW.exe" /INCREMENTAL /NOLOGO /LIBPATH:"C:\Users\tamir\Documents\Visual Studio 2012\Projects\engineGLFW\engineGLFW/res/libs" glew32s.lib glfw3.lib opengl32.lib kernel32.lib user32.lib gdi32.lib winspool.lib comdlg32.lib advapi32.lib shell32.lib ole32.lib oleaut32.lib uuid.lib odbc32.lib odbccp32.lib /MANIFEST /MANIFESTUAC:"level='asInvoker' uiAccess='false'" /manifest:embed /DEBUG /PDB:"C:\Users\tamir\Documents\Visual Studio 2012\Projects\engineGLFW\Debug\engineGLFW.pdb" /TLBID:1 /DYNAMICBASE /NXCOMPAT /IMPLIB:"C:\Users\tamir\Documents\Visual Studio 2012\Projects\engineGLFW\Debug\engineGLFW.lib" /MACHINE:X86 Debug\main.obj
         Debug\RubicsCube.obj
         "C:\Users\tamir\Documents\Visual Studio 2012\Projects\engineGLFW\Debug\display.lib"
         "C:\Users\tamir\Documents\Visual Studio 2012\Projects\engineGLFW\Debug\engine3D.lib"
         engineGLFW.vcxproj -> C:\Users\tamir\Documents\Visual Studio 2012\Projects\engineGLFW\Debug\engineGLFW.exe
     1>Done Building Project "C:\Users\tamir\Documents\Visual Studio 2012\Projects\engineGLFW\engineGLFW\engineGLFW.vcxproj" (Build target(s)).

Build succeeded.

Time Elapsed 00:00:01.95
