  kdtree.cpp
c:\users\zohar\desktop\git2\3d_snakegame\ikforclass1\display\kdtree.cpp(62): warning C4244: 'initializing': conversion from 'float' to 'int', possible loss of data
c:\users\zohar\desktop\git2\3d_snakegame\ikforclass1\display\kdtree.cpp(101): warning C4244: 'initializing': conversion from 'double' to 'int', possible loss of data
c:\users\zohar\desktop\git2\3d_snakegame\ikforclass1\display\kdtree.cpp(174): warning C4244: '=': conversion from 'double' to 'float', possible loss of data
c:\users\zohar\desktop\git2\3d_snakegame\ikforclass1\display\kdtree.cpp(175): warning C4244: '=': conversion from 'double' to 'float', possible loss of data
c:\users\zohar\desktop\git2\3d_snakegame\ikforclass1\display\kdtree.cpp(176): warning C4244: '=': conversion from 'double' to 'float', possible loss of data
  curves.cpp
c:\users\zohar\desktop\git2\3d_snakegame\ikforclass1\engine3d\curves.cpp(68): warning C4244: '=': conversion from 'double' to 'float', possible loss of data
c:\users\zohar\desktop\git2\3d_snakegame\ikforclass1\engine3d\curves.cpp(78): warning C4244: '=': conversion from 'double' to 'float', possible loss of data
c:\users\zohar\desktop\git2\3d_snakegame\ikforclass1\engine3d\curves.cpp(91): warning C4244: '=': conversion from 'double' to 'float', possible loss of data
c:\users\zohar\desktop\git2\3d_snakegame\ikforclass1\engine3d\curves.cpp(101): warning C4244: '=': conversion from 'double' to 'float', possible loss of data
c:\users\zohar\desktop\git2\3d_snakegame\ikforclass1\engine3d\curves.cpp(171): warning C4244: 'initializing': conversion from 'double' to 'float', possible loss of data
c:\users\zohar\desktop\git2\3d_snakegame\ikforclass1\engine3d\curves.cpp(171): warning C4244: 'initializing': conversion from 'double' to 'const float', possible loss of data
c:\users\zohar\desktop\git2\3d_snakegame\ikforclass1\engine3d\curves.cpp(172): warning C4244: 'initializing': conversion from 'double' to 'float', possible loss of data
c:\users\zohar\desktop\git2\3d_snakegame\ikforclass1\engine3d\curves.cpp(172): warning C4244: 'initializing': conversion from 'double' to 'const float', possible loss of data
c:\users\zohar\desktop\git2\3d_snakegame\ikforclass1\engine3d\curves.cpp(226): warning C4244: 'initializing': conversion from 'double' to 'float', possible loss of data
c:\users\zohar\desktop\git2\3d_snakegame\ikforclass1\engine3d\curves.cpp(228): warning C4244: 'initializing': conversion from 'double' to 'float', possible loss of data
c:\users\zohar\desktop\git2\3d_snakegame\ikforclass1\engine3d\curves.cpp(229): warning C4244: 'initializing': conversion from 'double' to 'float', possible loss of data
  EulerAngles.cpp
  lineMesh.cpp
c:\users\zohar\desktop\git2\3d_snakegame\ikforclass1\display\debugtimer.h(13): warning C4244: '=': conversion from 'uint64_t' to 'unsigned int', possible loss of data
c:\users\zohar\desktop\git2\3d_snakegame\ikforclass1\display\debugtimer.h(18): warning C4244: 'initializing': conversion from 'uint64_t' to 'unsigned int', possible loss of data
c:\users\zohar\desktop\git2\3d_snakegame\ikforclass1\display\debugtimer.h(24): warning C4244: 'initializing': conversion from 'uint64_t' to 'unsigned int', possible loss of data
  mesh.cpp
c:\users\zohar\desktop\git2\3d_snakegame\ikforclass1\display\debugtimer.h(13): warning C4244: '=': conversion from 'uint64_t' to 'unsigned int', possible loss of data
c:\users\zohar\desktop\git2\3d_snakegame\ikforclass1\display\debugtimer.h(18): warning C4244: 'initializing': conversion from 'uint64_t' to 'unsigned int', possible loss of data
c:\users\zohar\desktop\git2\3d_snakegame\ikforclass1\display\debugtimer.h(24): warning C4244: 'initializing': conversion from 'uint64_t' to 'unsigned int', possible loss of data
  MovableGLM.cpp
  obj_loader.cpp
  obj_loader_parser.cpp
c:\users\zohar\desktop\git2\3d_snakegame\ikforclass1\engine3d\obj_loader_parser.cpp(35): warning C4244: 'return': conversion from 'double' to 'float', possible loss of data
  scene.cpp
c:\users\zohar\desktop\git2\3d_snakegame\ikforclass1\engine3d\scene.cpp(55): warning C4244: 'initializing': conversion from 'std::chrono::system_clock::rep' to 'unsigned int', possible loss of data
c:\users\zohar\desktop\git2\3d_snakegame\ikforclass1\engine3d\scene.cpp(263): warning C4018: '<': signed/unsigned mismatch
c:\users\zohar\desktop\git2\3d_snakegame\ikforclass1\engine3d\scene.cpp(275): warning C4018: '<': signed/unsigned mismatch
c:\users\zohar\desktop\git2\3d_snakegame\ikforclass1\engine3d\scene.cpp(701): warning C4244: 'argument': conversion from 'int' to 'float', possible loss of data
c:\users\zohar\desktop\git2\3d_snakegame\ikforclass1\engine3d\scene.cpp(714): warning C4244: 'argument': conversion from 'double' to 'GLint', possible loss of data
c:\users\zohar\desktop\git2\3d_snakegame\ikforclass1\engine3d\scene.cpp(715): warning C4244: 'argument': conversion from 'double' to 'GLint', possible loss of data
  shader.cpp
  shape.cpp
  texture.cpp
  Generating Code...
  stb_image.c
  engine3D.vcxproj -> C:\Users\zohar\Desktop\git2\3D_SnakeGame\IKforClass1\Debug\engine3D.lib
