c:\users\tamir\documents\visual studio 2012\projects\ikforclass1\engine3d\debug\curves.obj
c:\users\tamir\documents\visual studio 2012\projects\ikforclass1\engine3d\debug\eulerangles.obj
c:\users\tamir\documents\visual studio 2012\projects\ikforclass1\engine3d\debug\linemesh.obj
c:\users\tamir\documents\visual studio 2012\projects\ikforclass1\engine3d\debug\mesh.obj
c:\users\tamir\documents\visual studio 2012\projects\ikforclass1\engine3d\debug\movableglm.obj
c:\users\tamir\documents\visual studio 2012\projects\ikforclass1\engine3d\debug\obj_loader.obj
c:\users\tamir\documents\visual studio 2012\projects\ikforclass1\engine3d\debug\scene.obj
c:\users\tamir\documents\visual studio 2012\projects\ikforclass1\engine3d\debug\shader.obj
c:\users\tamir\documents\visual studio 2012\projects\ikforclass1\engine3d\debug\shape.obj
c:\users\tamir\documents\visual studio 2012\projects\ikforclass1\engine3d\debug\texture.obj
c:\users\tamir\documents\visual studio 2012\projects\ikforclass1\engine3d\debug\vc110.pdb
c:\users\tamir\documents\visual studio 2012\projects\ikforclass1\engine3d\debug\stb_image.obj
c:\users\tamir\documents\visual studio 2012\projects\ikforclass1\debug\engine3d.lib
c:\users\zohar\desktop\or hahamud\ikforclass1\engine3d\debug\engine3d.pdb
c:\users\zohar\desktop\or hahamud\ikforclass1\engine3d\debug\engine3d.idb
c:\users\zohar\desktop\or hahamud\ikforclass1\engine3d\debug\texture.obj
c:\users\zohar\desktop\or hahamud\ikforclass1\engine3d\debug\shape.obj
c:\users\zohar\desktop\or hahamud\ikforclass1\engine3d\debug\shader.obj
c:\users\zohar\desktop\or hahamud\ikforclass1\engine3d\debug\scene.obj
c:\users\zohar\desktop\or hahamud\ikforclass1\engine3d\debug\obj_loader_parser.obj
c:\users\zohar\desktop\or hahamud\ikforclass1\engine3d\debug\obj_loader.obj
c:\users\zohar\desktop\or hahamud\ikforclass1\engine3d\debug\movableglm.obj
c:\users\zohar\desktop\or hahamud\ikforclass1\engine3d\debug\mesh.obj
c:\users\zohar\desktop\or hahamud\ikforclass1\engine3d\debug\linemesh.obj
c:\users\zohar\desktop\or hahamud\ikforclass1\engine3d\debug\eulerangles.obj
c:\users\zohar\desktop\or hahamud\ikforclass1\engine3d\debug\curves.obj
c:\users\zohar\desktop\or hahamud\ikforclass1\engine3d\debug\kdtree.obj
c:\users\zohar\desktop\or hahamud\ikforclass1\engine3d\debug\stb_image.obj
c:\users\zohar\desktop\or hahamud\ikforclass1\debug\engine3d.lib
c:\users\zohar\desktop\or hahamud\ikforclass1\engine3d\debug\cl.command.1.tlog
c:\users\zohar\desktop\or hahamud\ikforclass1\engine3d\debug\cl.read.1.tlog
c:\users\zohar\desktop\or hahamud\ikforclass1\engine3d\debug\cl.write.1.tlog
c:\users\zohar\desktop\or hahamud\ikforclass1\engine3d\debug\lib-link.read.1.tlog
c:\users\zohar\desktop\or hahamud\ikforclass1\engine3d\debug\lib-link.write.1.tlog
c:\users\zohar\desktop\or hahamud\ikforclass1\engine3d\debug\lib.command.1.tlog
c:\users\zohar\desktop\or hahamud\ikforclass1\engine3d\debug\vc110.idb
c:\users\zohar\desktop\or hahamud\ikforclass1\engine3d\debug\vc110.pdb
c:\users\zohar\desktop\or hahamud\ikforclass1\debug\engine3d.pdb
c:\users\zohar\desktop\or hahamud\ikforclass1\engine3d\debug\engine3d.tlog\cl.command.1.tlog
c:\users\zohar\desktop\or hahamud\ikforclass1\engine3d\debug\engine3d.tlog\cl.read.1.tlog
c:\users\zohar\desktop\or hahamud\ikforclass1\engine3d\debug\engine3d.tlog\cl.write.1.tlog
c:\users\zohar\desktop\or hahamud\ikforclass1\engine3d\debug\engine3d.tlog\lib-link.read.1.tlog
c:\users\zohar\desktop\or hahamud\ikforclass1\engine3d\debug\engine3d.tlog\lib-link.write.1.tlog
c:\users\zohar\desktop\or hahamud\ikforclass1\engine3d\debug\engine3d.tlog\lib.command.1.tlog
