c:\users\tamir\documents\visual studio 2012\projects\ikforclass1\display\debug\display.obj
c:\users\tamir\documents\visual studio 2012\projects\ikforclass1\display\debug\vc110.pdb
c:\users\tamir\documents\visual studio 2012\projects\ikforclass1\debug\display.lib
c:\users\zohar\desktop\or hahamud\ikforclass1\display\debug\display.pdb
c:\users\zohar\desktop\or hahamud\ikforclass1\display\debug\display.idb
c:\users\zohar\desktop\or hahamud\ikforclass1\display\debug\display.obj
c:\users\zohar\desktop\or hahamud\ikforclass1\debug\display.lib
c:\users\zohar\desktop\or hahamud\ikforclass1\display\debug\kdtree.obj
c:\users\zohar\desktop\or hahamud\ikforclass1\display\debug\cl.command.1.tlog
c:\users\zohar\desktop\or hahamud\ikforclass1\display\debug\cl.read.1.tlog
c:\users\zohar\desktop\or hahamud\ikforclass1\display\debug\cl.write.1.tlog
c:\users\zohar\desktop\or hahamud\ikforclass1\display\debug\lib-link.read.1.tlog
c:\users\zohar\desktop\or hahamud\ikforclass1\display\debug\lib-link.write.1.tlog
c:\users\zohar\desktop\or hahamud\ikforclass1\display\debug\lib.command.1.tlog
c:\users\zohar\desktop\or hahamud\ikforclass1\display\debug\vc110.idb
c:\users\zohar\desktop\or hahamud\ikforclass1\display\debug\vc110.pdb
c:\users\zohar\desktop\or hahamud\ikforclass1\debug\display.pdb
c:\users\zohar\desktop\or hahamud\ikforclass1\display\debug\display.tlog\cl.command.1.tlog
c:\users\zohar\desktop\or hahamud\ikforclass1\display\debug\display.tlog\cl.read.1.tlog
c:\users\zohar\desktop\or hahamud\ikforclass1\display\debug\display.tlog\cl.write.1.tlog
c:\users\zohar\desktop\or hahamud\ikforclass1\display\debug\display.tlog\lib-link.read.1.tlog
c:\users\zohar\desktop\or hahamud\ikforclass1\display\debug\display.tlog\lib-link.write.1.tlog
c:\users\zohar\desktop\or hahamud\ikforclass1\display\debug\display.tlog\lib.command.1.tlog
