c:\users\tamir\documents\visual studio 2012\projects\ikforclass1\ik\debug\ik.obj
c:\users\tamir\documents\visual studio 2012\projects\ikforclass1\ik\debug\vc110.pdb
c:\users\tamir\documents\visual studio 2012\projects\ikforclass1\ik\debug\main.obj
c:\users\tamir\documents\visual studio 2012\projects\ikforclass1\debug\ik.ilk
c:\users\tamir\documents\visual studio 2012\projects\ikforclass1\debug\ik.exe
c:\users\tamir\documents\visual studio 2012\projects\ikforclass1\debug\ik.pdb
c:\users\zohar\desktop\or hahamud\ikforclass1\ik\debug\vc141.pdb
c:\users\zohar\desktop\or hahamud\ikforclass1\ik\debug\vc141.idb
c:\users\zohar\desktop\or hahamud\ikforclass1\ik\debug\imgui_impl_opengl3.obj
c:\users\zohar\desktop\or hahamud\ikforclass1\ik\debug\imgui_impl_glfw.obj
c:\users\zohar\desktop\or hahamud\ikforclass1\ik\debug\imgui_draw.obj
c:\users\zohar\desktop\or hahamud\ikforclass1\ik\debug\imgui_demo.obj
c:\users\zohar\desktop\or hahamud\ikforclass1\ik\debug\imgui.obj
c:\users\zohar\desktop\or hahamud\ikforclass1\ik\debug\main.obj
c:\users\zohar\desktop\or hahamud\ikforclass1\ik\debug\ik.obj
c:\users\zohar\desktop\or hahamud\ikforclass1\debug\ik.exe
c:\users\zohar\desktop\or hahamud\ikforclass1\debug\ik.ilk
c:\users\zohar\desktop\or hahamud\ikforclass1\debug\ik.pdb
c:\users\zohar\desktop\or hahamud\ikforclass1\ik\debug\ik.vcxprojresolveassemblyreference.cache
c:\users\zohar\desktop\or hahamud\ikforclass1\ik\debug\ik.obj.enc
c:\users\zohar\desktop\or hahamud\ikforclass1\ik\debug\cl.command.1.tlog
c:\users\zohar\desktop\or hahamud\ikforclass1\ik\debug\cl.read.1.tlog
c:\users\zohar\desktop\or hahamud\ikforclass1\ik\debug\cl.write.1.tlog
c:\users\zohar\desktop\or hahamud\ikforclass1\ik\debug\link-cvtres.read.1.tlog
c:\users\zohar\desktop\or hahamud\ikforclass1\ik\debug\link-cvtres.write.1.tlog
c:\users\zohar\desktop\or hahamud\ikforclass1\ik\debug\link-rc.read.1.tlog
c:\users\zohar\desktop\or hahamud\ikforclass1\ik\debug\link-rc.write.1.tlog
c:\users\zohar\desktop\or hahamud\ikforclass1\ik\debug\link.command.1.tlog
c:\users\zohar\desktop\or hahamud\ikforclass1\ik\debug\link.read.1.tlog
c:\users\zohar\desktop\or hahamud\ikforclass1\ik\debug\link.write.1.tlog
c:\users\zohar\desktop\or hahamud\ikforclass1\ik\debug\vc110.idb
c:\users\zohar\desktop\or hahamud\ikforclass1\ik\debug\vc110.pdb
c:\users\zohar\desktop\or hahamud\ikforclass1\ik\debug\ik.tlog\cl.command.1.tlog
c:\users\zohar\desktop\or hahamud\ikforclass1\ik\debug\ik.tlog\cl.read.1.tlog
c:\users\zohar\desktop\or hahamud\ikforclass1\ik\debug\ik.tlog\cl.write.1.tlog
c:\users\zohar\desktop\or hahamud\ikforclass1\ik\debug\ik.tlog\link.command.1.tlog
c:\users\zohar\desktop\or hahamud\ikforclass1\ik\debug\ik.tlog\link.delete.1.tlog
c:\users\zohar\desktop\or hahamud\ikforclass1\ik\debug\ik.tlog\link.read.1.tlog
c:\users\zohar\desktop\or hahamud\ikforclass1\ik\debug\ik.tlog\link.write.1.tlog
