  IK.cpp
c:\users\zohar\desktop\git2\3d_snakegame\ikforclass1\ik\ik.cpp(40): warning C4244: 'argument': conversion from 'const int' to 'float', possible loss of data
c:\users\zohar\desktop\git2\3d_snakegame\ikforclass1\ik\ik.cpp(50): warning C4244: 'argument': conversion from 'const int' to 'float', possible loss of data
c:\users\zohar\desktop\git2\3d_snakegame\ikforclass1\ik\ik.cpp(60): warning C4244: 'argument': conversion from 'const int' to 'float', possible loss of data
c:\users\zohar\desktop\git2\3d_snakegame\ikforclass1\ik\ik.cpp(774): warning C4018: '<': signed/unsigned mismatch
  main.cpp
c:\users\zohar\desktop\git2\3d_snakegame\ikforclass1\display\inputmanager.h(157): warning C4244: 'argument': conversion from 'const float' to 'int', possible loss of data
c:\program files (x86)\windows kits\10\include\10.0.16299.0\shared\minwindef.h(130): warning C4005: 'APIENTRY': macro redefinition
  c:\users\zohar\desktop\git2\3d_snakegame\ikforclass1\ik\res\includes\glfw\glfw3.h(98): note: see previous definition of 'APIENTRY'
c:\program files (x86)\windows kits\10\include\10.0.16299.0\ucrt\corecrt_math_defines.h(22): warning C4005: 'M_PI': macro redefinition
  c:\users\zohar\desktop\git2\3d_snakegame\ikforclass1\engine3d\eulerangles.h(4): note: see previous definition of 'M_PI'
c:\users\zohar\desktop\git2\3d_snakegame\ikforclass1\ik\main.cpp(128): warning C4305: '=': truncation from 'double' to 'float'
c:\users\zohar\desktop\git2\3d_snakegame\ikforclass1\ik\main.cpp(144): warning C4244: 'initializing': conversion from 'double' to 'float', possible loss of data
c:\users\zohar\desktop\git2\3d_snakegame\ikforclass1\ik\main.cpp(145): warning C4244: 'initializing': conversion from 'double' to 'float', possible loss of data
c:\users\zohar\desktop\git2\3d_snakegame\ikforclass1\ik\main.cpp(146): warning C4244: 'initializing': conversion from 'double' to 'float', possible loss of data
c:\users\zohar\desktop\git2\3d_snakegame\ikforclass1\ik\main.cpp(147): warning C4244: 'initializing': conversion from 'double' to 'float', possible loss of data
c:\users\zohar\desktop\git2\3d_snakegame\ikforclass1\ik\main.cpp(152): warning C4244: 'initializing': conversion from 'double' to 'float', possible loss of data
c:\users\zohar\desktop\git2\3d_snakegame\ikforclass1\ik\main.cpp(153): warning C4244: 'initializing': conversion from 'double' to 'float', possible loss of data
c:\users\zohar\desktop\git2\3d_snakegame\ikforclass1\ik\main.cpp(154): warning C4244: 'initializing': conversion from 'double' to 'float', possible loss of data
c:\users\zohar\desktop\git2\3d_snakegame\ikforclass1\ik\main.cpp(155): warning C4244: 'initializing': conversion from 'double' to 'float', possible loss of data
c:\users\zohar\desktop\git2\3d_snakegame\ikforclass1\ik\main.cpp(161): warning C4305: 'argument': truncation from 'double' to 'float'
c:\users\zohar\desktop\git2\3d_snakegame\ikforclass1\ik\main.cpp(222): warning C4244: 'initializing': conversion from 'std::chrono::system_clock::rep' to 'unsigned int', possible loss of data
c:\users\zohar\desktop\git2\3d_snakegame\ikforclass1\ik\main.cpp(242): warning C4305: 'initializing': truncation from 'double' to 'float'
c:\users\zohar\desktop\git2\3d_snakegame\ikforclass1\ik\main.cpp(243): warning C4244: 'initializing': conversion from 'std::chrono::system_clock::rep' to 'unsigned int', possible loss of data
c:\users\zohar\desktop\git2\3d_snakegame\ikforclass1\ik\main.cpp(354): warning C4305: '=': truncation from 'double' to 'float'
c:\users\zohar\desktop\git2\3d_snakegame\ikforclass1\ik\main.cpp(371): warning C4305: 'argument': truncation from 'double' to 'float'
c:\users\zohar\desktop\git2\3d_snakegame\ikforclass1\ik\main.cpp(502): warning C4305: '+=': truncation from 'double' to 'float'
c:\users\zohar\desktop\git2\3d_snakegame\ikforclass1\ik\main.cpp(607): warning C4305: 'argument': truncation from 'double' to 'float'
c:\users\zohar\desktop\git2\3d_snakegame\ikforclass1\ik\main.cpp(677): warning C4305: '=': truncation from 'double' to 'float'
c:\users\zohar\desktop\git2\3d_snakegame\ikforclass1\ik\main.cpp(692): warning C4305: '=': truncation from 'double' to 'float'
  imgui.cpp
  imgui_demo.cpp
  imgui_draw.cpp
  imgui_impl_glfw.cpp
  imgui_impl_opengl3.cpp
  Generating Code...
c:\users\zohar\desktop\git2\3d_snakegame\ikforclass1\ik\ik.cpp(765): warning C4715: 'IK::getPrevAxis': not all control paths return a value
LINK : warning LNK4098: defaultlib 'MSVCRT' conflicts with use of other libs; use /NODEFAULTLIB:library
MSVCRTD.lib(initializers.obj) : warning LNK4098: defaultlib 'libcmt.lib' conflicts with use of other libs; use /NODEFAULTLIB:library
main.obj : warning LNK4217: locally defined symbol _glewInit@0 imported in function _main
imgui_impl_opengl3.obj : warning LNK4049: locally defined symbol ___glewActiveTexture imported
imgui_impl_opengl3.obj : warning LNK4049: locally defined symbol ___glewBlendEquation imported
imgui_impl_opengl3.obj : warning LNK4049: locally defined symbol ___glewBlendFuncSeparate imported
imgui_impl_opengl3.obj : warning LNK4049: locally defined symbol ___glewBindBuffer imported
imgui_impl_opengl3.obj : warning LNK4049: locally defined symbol ___glewBufferData imported
imgui_impl_opengl3.obj : warning LNK4049: locally defined symbol ___glewDeleteBuffers imported
imgui_impl_opengl3.obj : warning LNK4049: locally defined symbol ___glewGenBuffers imported
imgui_impl_opengl3.obj : warning LNK4049: locally defined symbol ___glewAttachShader imported
imgui_impl_opengl3.obj : warning LNK4049: locally defined symbol ___glewBlendEquationSeparate imported
imgui_impl_opengl3.obj : warning LNK4049: locally defined symbol ___glewCompileShader imported
imgui_impl_opengl3.obj : warning LNK4049: locally defined symbol ___glewCreateProgram imported
imgui_impl_opengl3.obj : warning LNK4049: locally defined symbol ___glewCreateShader imported
imgui_impl_opengl3.obj : warning LNK4049: locally defined symbol ___glewDeleteProgram imported
imgui_impl_opengl3.obj : warning LNK4049: locally defined symbol ___glewDeleteShader imported
imgui_impl_opengl3.obj : warning LNK4049: locally defined symbol ___glewDetachShader imported
imgui_impl_opengl3.obj : warning LNK4049: locally defined symbol ___glewEnableVertexAttribArray imported
imgui_impl_opengl3.obj : warning LNK4049: locally defined symbol ___glewGetAttribLocation imported
imgui_impl_opengl3.obj : warning LNK4049: locally defined symbol ___glewGetUniformLocation imported
imgui_impl_opengl3.obj : warning LNK4049: locally defined symbol ___glewLinkProgram imported
imgui_impl_opengl3.obj : warning LNK4049: locally defined symbol ___glewShaderSource imported
imgui_impl_opengl3.obj : warning LNK4049: locally defined symbol ___glewUniform1i imported
imgui_impl_opengl3.obj : warning LNK4049: locally defined symbol ___glewUniformMatrix4fv imported
imgui_impl_opengl3.obj : warning LNK4049: locally defined symbol ___glewUseProgram imported
imgui_impl_opengl3.obj : warning LNK4049: locally defined symbol ___glewVertexAttribPointer imported
imgui_impl_opengl3.obj : warning LNK4049: locally defined symbol ___glewBindSampler imported
imgui_impl_opengl3.obj : warning LNK4049: locally defined symbol ___glewBindVertexArray imported
imgui_impl_opengl3.obj : warning LNK4049: locally defined symbol ___glewDeleteVertexArrays imported
imgui_impl_opengl3.obj : warning LNK4049: locally defined symbol ___glewGenVertexArrays imported
glew32s.lib(glew.obj) : warning LNK4099: PDB 'vc100.pdb' was not found with 'glew32s.lib(glew.obj)' or at 'C:\Users\zohar\Desktop\git2\3D_SnakeGame\IKforClass1\Debug\vc100.pdb'; linking object as if no debug info
  IK.vcxproj -> C:\Users\zohar\Desktop\git2\3D_SnakeGame\IKforClass1\Debug\IK.exe
